\n=== Симуляція потоку повідомлень ===
Повідомлення  1 | Користувач 2 | ✓
Повідомлення  2 | Користувач 3 | ✓
Повідомлення  3 | Користувач 4 | ✓
Повідомлення  4 | Користувач 5 | ✓
Повідомлення  5 | Користувач 1 | ✓
Повідомлення  6 | Користувач 2 | × (очікування 7.2с)
Повідомлення  7 | Користувач 3 | × (очікування 7.4с)
Повідомлення  8 | Користувач 4 | × (очікування 7.6с)
Повідомлення  9 | Користувач 5 | × (очікування 7.6с)
Повідомлення 10 | Користувач 1 | × (очікування 7.5с)
\nОчікуємо 4 секунди...
\n=== Нова серія повідомлень після очікування ===
Повідомлення 11 | Користувач 2 | × (очікування 1.2с)
Повідомлення 12 | Користувач 3 | × (очікування 0.7с)
Повідомлення 13 | Користувач 4 | × (очікування 0.4с)
Повідомлення 14 | Користувач 5 | × (очікування 0.0с)
Повідомлення 15 | Користувач 1 | ✓
Повідомлення 16 | Користувач 2 | ✓
Повідомлення 17 | Користувач 3 | ✓
Повідомлення 18 | Користувач 4 | ✓
Повідомлення 19 | Користувач 5 | ✓
Повідомлення 20 | Користувач 1 | × (очікування 5.0с)